[   81230ms] [WARNING] <meta name="apple-mobile-web-app-capable" content="yes"> is deprecated. Please include <meta name="mobile-web-app-capable" content="yes"> @ http://localhost:3005/mobile-chat.html:0
[   81236ms] [ERROR] Failed to load resource: the server responded with a status of 404 (Not Found) @ http://localhost:3005/favicon.ico:0
[  580602ms] [WARNING] <meta name="apple-mobile-web-app-capable" content="yes"> is deprecated. Please include <meta name="mobile-web-app-capable" content="yes"> @ http://localhost:3005/mobile-chat.html:0
[  580604ms] [ERROR] Failed to load resource: the server responded with a status of 404 (Not Found) @ http://localhost:3005/favicon.ico:0
[  754003ms] [WARNING] <meta name="apple-mobile-web-app-capable" content="yes"> is deprecated. Please include <meta name="mobile-web-app-capable" content="yes"> @ http://localhost:3005/mobile-chat.html:0
[  754006ms] [ERROR] Failed to load resource: the server responded with a status of 404 (Not Found) @ http://localhost:3005/favicon.ico:0
[  758590ms] [WARNING] <meta name="apple-mobile-web-app-capable" content="yes"> is deprecated. Please include <meta name="mobile-web-app-capable" content="yes"> @ http://localhost:3005/mobile-chat.html:0
[  765376ms] [WARNING] <meta name="apple-mobile-web-app-capable" content="yes"> is deprecated. Please include <meta name="mobile-web-app-capable" content="yes"> @ http://localhost:3005/mobile-chat.html:0
[  778106ms] [WARNING] <meta name="apple-mobile-web-app-capable" content="yes"> is deprecated. Please include <meta name="mobile-web-app-capable" content="yes"> @ http://localhost:3005/mobile-chat.html:0
[  787485ms] [WARNING] <meta name="apple-mobile-web-app-capable" content="yes"> is deprecated. Please include <meta name="mobile-web-app-capable" content="yes"> @ http://localhost:3005/mobile-chat.html:0
[  787487ms] [ERROR] Failed to load resource: the server responded with a status of 404 (Not Found) @ http://localhost:3005/favicon.ico:0
[  802652ms] [WARNING] <meta name="apple-mobile-web-app-capable" content="yes"> is deprecated. Please include <meta name="mobile-web-app-capable" content="yes"> @ http://localhost:3005/mobile-chat.html:0
[  803684ms] [WARNING] <meta name="apple-mobile-web-app-capable" content="yes"> is deprecated. Please include <meta name="mobile-web-app-capable" content="yes"> @ http://localhost:3005/mobile-chat.html:0
[  804100ms] [WARNING] <meta name="apple-mobile-web-app-capable" content="yes"> is deprecated. Please include <meta name="mobile-web-app-capable" content="yes"> @ http://localhost:3005/mobile-chat.html:0
[  804321ms] [WARNING] <meta name="apple-mobile-web-app-capable" content="yes"> is deprecated. Please include <meta name="mobile-web-app-capable" content="yes"> @ http://localhost:3005/mobile-chat.html:0
[  805176ms] [WARNING] <meta name="apple-mobile-web-app-capable" content="yes"> is deprecated. Please include <meta name="mobile-web-app-capable" content="yes"> @ http://localhost:3005/mobile-chat.html:0
[  805740ms] [WARNING] <meta name="apple-mobile-web-app-capable" content="yes"> is deprecated. Please include <meta name="mobile-web-app-capable" content="yes"> @ http://localhost:3005/mobile-chat.html:0
[  881115ms] [WARNING] <meta name="apple-mobile-web-app-capable" content="yes"> is deprecated. Please include <meta name="mobile-web-app-capable" content="yes"> @ http://localhost:3005/mobile-chat.html:0
[  890566ms] [WARNING] <meta name="apple-mobile-web-app-capable" content="yes"> is deprecated. Please include <meta name="mobile-web-app-capable" content="yes"> @ http://localhost:3005/mobile-chat.html:0
[  892155ms] [WARNING] <meta name="apple-mobile-web-app-capable" content="yes"> is deprecated. Please include <meta name="mobile-web-app-capable" content="yes"> @ http://localhost:3005/mobile-chat.html:0
[  892552ms] [WARNING] <meta name="apple-mobile-web-app-capable" content="yes"> is deprecated. Please include <meta name="mobile-web-app-capable" content="yes"> @ http://localhost:3005/mobile-chat.html:0
[  892775ms] [WARNING] <meta name="apple-mobile-web-app-capable" content="yes"> is deprecated. Please include <meta name="mobile-web-app-capable" content="yes"> @ http://localhost:3005/mobile-chat.html:0
[  893094ms] [WARNING] <meta name="apple-mobile-web-app-capable" content="yes"> is deprecated. Please include <meta name="mobile-web-app-capable" content="yes"> @ http://localhost:3005/mobile-chat.html:0
[  893330ms] [WARNING] <meta name="apple-mobile-web-app-capable" content="yes"> is deprecated. Please include <meta name="mobile-web-app-capable" content="yes"> @ http://localhost:3005/mobile-chat.html:0
[  893578ms] [WARNING] <meta name="apple-mobile-web-app-capable" content="yes"> is deprecated. Please include <meta name="mobile-web-app-capable" content="yes"> @ http://localhost:3005/mobile-chat.html:0
[ 1054462ms] Unexpected token '}'
[ 1055817ms] [WARNING] <meta name="apple-mobile-web-app-capable" content="yes"> is deprecated. Please include <meta name="mobile-web-app-capable" content="yes"> @ http://localhost:3005/mobile-chat.html:0
[ 1055825ms] [ERROR] Failed to load resource: the server responded with a status of 404 (Not Found) @ http://localhost:3005/favicon.ico:0
[ 1070909ms] Unexpected token '}'
[ 1072132ms] [WARNING] <meta name="apple-mobile-web-app-capable" content="yes"> is deprecated. Please include <meta name="mobile-web-app-capable" content="yes"> @ http://localhost:3005/mobile-chat.html:0
[ 1072135ms] [ERROR] Failed to load resource: the server responded with a status of 404 (Not Found) @ http://localhost:3005/favicon.ico:0
[ 1085718ms] Unexpected token '}'
[ 1086934ms] [WARNING] <meta name="apple-mobile-web-app-capable" content="yes"> is deprecated. Please include <meta name="mobile-web-app-capable" content="yes"> @ http://localhost:3005/mobile-chat.html:0
[ 1086938ms] [ERROR] Failed to load resource: the server responded with a status of 404 (Not Found) @ http://localhost:3005/favicon.ico:0
[ 2403195ms] Unexpected token '}'
[ 2403240ms] [WARNING] <meta name="apple-mobile-web-app-capable" content="yes"> is deprecated. Please include <meta name="mobile-web-app-capable" content="yes"> @ http://localhost:3005/mobile-chat.html:0
[ 2476260ms] Unexpected token '}'
[ 2477590ms] [WARNING] <meta name="apple-mobile-web-app-capable" content="yes"> is deprecated. Please include <meta name="mobile-web-app-capable" content="yes"> @ http://localhost:3005/mobile-chat.html:0
[ 2477596ms] [ERROR] Failed to load resource: the server responded with a status of 404 (Not Found) @ http://localhost:3005/favicon.ico:0
[ 2602944ms] [WARNING] <meta name="apple-mobile-web-app-capable" content="yes"> is deprecated. Please include <meta name="mobile-web-app-capable" content="yes"> @ http://localhost:3005/mobile-chat.html:0
[ 2602946ms] [ERROR] Failed to load resource: the server responded with a status of 404 (Not Found) @ http://localhost:3005/favicon.ico:0
[ 3006454ms] [WARNING] <meta name="apple-mobile-web-app-capable" content="yes"> is deprecated. Please include <meta name="mobile-web-app-capable" content="yes"> @ http://localhost:3005/mobile-chat.html:0
[ 3006458ms] [ERROR] Failed to load resource: the server responded with a status of 404 (Not Found) @ http://localhost:3005/favicon.ico:0
[ 3082513ms] [WARNING] <meta name="apple-mobile-web-app-capable" content="yes"> is deprecated. Please include <meta name="mobile-web-app-capable" content="yes"> @ http://localhost:3005/mobile-chat.html:0
[ 3162874ms] [WARNING] <meta name="apple-mobile-web-app-capable" content="yes"> is deprecated. Please include <meta name="mobile-web-app-capable" content="yes"> @ http://localhost:3005/mobile-chat.html:0
[ 3162879ms] [ERROR] Failed to load resource: the server responded with a status of 404 (Not Found) @ http://localhost:3005/favicon.ico:0
[ 3443539ms] [WARNING] <meta name="apple-mobile-web-app-capable" content="yes"> is deprecated. Please include <meta name="mobile-web-app-capable" content="yes"> @ http://localhost:3005/mobile-chat.html:0
[ 3443542ms] [ERROR] Failed to load resource: the server responded with a status of 404 (Not Found) @ http://localhost:3005/favicon.ico:0
[ 5342858ms] [WARNING] <meta name="apple-mobile-web-app-capable" content="yes"> is deprecated. Please include <meta name="mobile-web-app-capable" content="yes"> @ http://localhost:3005/mobile-chat.html:0
[ 5371355ms] [WARNING] <meta name="apple-mobile-web-app-capable" content="yes"> is deprecated. Please include <meta name="mobile-web-app-capable" content="yes"> @ http://localhost:3005/mobile-chat.html:0
[ 5371360ms] [ERROR] Failed to load resource: the server responded with a status of 404 (Not Found) @ http://localhost:3005/favicon.ico:0
