[    9815ms] [LOG] %cKimi.ai 
  color: #1772F6;
  font-weight: bold;
  font-size: 3em;
  padding: 10px 0;
  text-shadow: 0.7px 1px 0 rgb(255 255 255 / 100%),
    1.4px 2px 0 rgb(255 255 255 / 96%),
    2.1px 3px 0 rgb(255 255 255 / 92%),
    2.8px 4px 0 rgb(255 255 255 / 88%),
    1px 1px 2px rgb(100 100 100 / 70%);
 @ https://statics.moonshot.cn/kimi-web-seo/assets/index-D38eQVc0.js:1
[    9815ms] [LOG] %c林深时见鹿，海深时见鲸，情深时见你🥰

爬虫万里，不如 API 走起🥺

一键接入 Kimi 大模型👇

https://platform.kimi.com 
  font-size: 1.2em;
 @ https://statics.moonshot.cn/kimi-web-seo/assets/index-D38eQVc0.js:1
[   10094ms] [LOG] %c %s color: yellow; background-color: black; [instance: default] appid: 20001731, userInfo:{"user_unique_id":"7626603049896864260","web_id":"7626603049896864260"} @ https://lf3-data.volccdn.com/obj/data-static/log-sdk/collect/5.0/collect-rangers-v5.1.12.js:0
[   10094ms] [LOG] %c %s color: yellow; background-color: black; [instance: default] appid: 20001731, sdk is ready, version is 5.1.12_tob, you can report now !!! @ https://lf3-data.volccdn.com/obj/data-static/log-sdk/collect/5.0/collect-rangers-v5.1.12.js:0
[   37152ms] [INFO] Autofocus processing was blocked because a document already has a focused element. @ https://www.kimi.com/:0
